2022-09-19 18:40:48,151 read file data.csv
2022-09-19 18:41:09,033 read file data.csv
2022-09-19 18:41:09,033 calculate counts
2022-09-19 18:41:09,033 calculate fractions
2022-09-19 18:41:09,033 calculate counts
2022-09-19 18:41:09,033 generate random (step = 5)
2022-09-19 18:41:09,033 calculate counts
2022-09-19 18:41:09,033 save data to file report.txt
2022-09-19 18:42:43,703 read file data.csv
2022-09-19 18:42:43,704 calculate counts
2022-09-19 18:42:43,704 calculate fractions
2022-09-19 18:42:43,704 calculate counts
2022-09-19 18:42:43,704 generate random (step = 5)
2022-09-19 18:42:43,704 calculate counts
2022-09-19 18:42:43,704 save data to file report.txt
2022-09-19 18:43:34,195 read file data.csv
2022-09-19 18:43:34,195 calculate counts
2022-09-19 18:43:34,195 calculate fractions
2022-09-19 18:43:34,195 calculate counts
2022-09-19 18:43:34,195 generate random (step = 5)
2022-09-19 18:43:34,195 calculate counts
2022-09-19 18:43:34,198 save data to file report.txt
2022-09-19 19:01:55,347 read file data.csv
2022-09-19 19:01:55,349 calculate counts
2022-09-19 19:01:55,349 calculate fractions
2022-09-19 19:01:55,349 calculate counts
2022-09-19 19:01:55,349 generate random (step = 5)
2022-09-19 19:01:55,349 calculate counts
2022-09-19 19:01:55,349 save data to file report.txt
2022-09-19 19:01:55,351 Starting new HTTPS connection (1): hooks.slack.com:443
2022-09-19 19:01:55,685 https://hooks.slack.com:443 "POST /services/T02AQ4LDT6W/B043C37DF97/ohrdv0y3QT0xumIYqBDVOPdy HTTP/1.1" 400 None
2022-09-19 19:02:21,402 read file data.csv
2022-09-19 19:02:21,403 calculate counts
2022-09-19 19:02:21,404 calculate fractions
2022-09-19 19:02:21,404 calculate counts
2022-09-19 19:02:21,404 generate random (step = 5)
2022-09-19 19:02:21,404 calculate counts
2022-09-19 19:02:21,404 save data to file report.txt
2022-09-19 19:02:21,406 Starting new HTTPS connection (1): hooks.slack.com:443
2022-09-19 19:02:21,725 https://hooks.slack.com:443 "POST /services/T02AQ4LDT6W/B043C37DF97/ohrdv0y3QT0xumIYqBDVOPdy HTTP/1.1" 400 None
2022-09-19 19:06:04,551 read file data.csv
2022-09-19 19:06:04,551 calculate counts
2022-09-19 19:06:04,552 calculate fractions
2022-09-19 19:06:04,552 calculate counts
2022-09-19 19:06:04,552 generate random (step = 5)
2022-09-19 19:06:04,552 calculate counts
2022-09-19 19:06:04,552 save data to file report.txt
2022-09-19 19:06:04,553 Starting new HTTPS connection (1): hooks.slack.com:443
2022-09-19 19:06:04,963 https://hooks.slack.com:443 "POST /services/T02AQ4LDT6W/B043C37DF97/ohrdv0y3QT0xumIYqBDVOPdy HTTP/1.1" 200 22
2022-09-19 19:06:13,969 read file data.c
2022-09-19 19:06:13,971 Starting new HTTPS connection (1): hooks.slack.com:443
2022-09-19 19:06:14,319 https://hooks.slack.com:443 "POST /services/T02AQ4LDT6W/B043C37DF97/ohrdv0y3QT0xumIYqBDVOPdy HTTP/1.1" 200 22
